<?xml version="1.0" encoding="UTF-8"?>
<!-- Generated by org.testng.reporters.JUnitReportReporter -->
<testsuite hostname="BSNODL-27170" failures="0" tests="4" name="api.test.UserTests" time="7.937" errors="0" timestamp="2023-10-03T16:55:50 IST" skipped="0">
  <testcase classname="api.test.UserTests" name="testPostUser" time="2.579"/>
  <testcase classname="api.test.UserTests" name="testGetUserByName" time="1.206"/>
  <testcase classname="api.test.UserTests" name="testUpdateUser" time="2.931"/>
  <testcase classname="api.test.UserTests" name="testDeleteUserByName" time="1.221"/>
</testsuite> <!-- api.test.UserTests -->
