<?xml version="1.0" encoding="UTF-8"?>
<!-- Generated by org.testng.reporters.JUnitReportReporter -->
<testsuite hostname="BSNODL-27170" failures="0" tests="6" name="api.test.DataDrivenTests" time="10.283" errors="0" timestamp="2023-09-24T17:40:57 IST" skipped="0">
  <testcase classname="api.test.DataDrivenTests" name="testPostUser" time="4.008"/>
  <testcase classname="api.test.DataDrivenTests" name="testPostUser" time="1.278"/>
  <testcase classname="api.test.DataDrivenTests" name="testPostUser" time="1.316"/>
  <testcase classname="api.test.DataDrivenTests" name="testDeleteUserByName" time="1.181"/>
  <testcase classname="api.test.DataDrivenTests" name="testDeleteUserByName" time="1.338"/>
  <testcase classname="api.test.DataDrivenTests" name="testDeleteUserByName" time="1.162"/>
</testsuite> <!-- api.test.DataDrivenTests -->
