<?xml version="1.0" encoding="UTF-8"?>
<!-- Generated by org.testng.reporters.JUnitReportReporter -->
<testsuite hostname="BSNODL-27170" failures="0" tests="4" name="api.test.UserTests2" time="8.117" errors="0" timestamp="2023-10-02T17:53:31 IST" skipped="0">
  <testcase classname="api.test.UserTests2" name="testPostUser" time="2.697"/>
  <testcase classname="api.test.UserTests2" name="testGetUserByName" time="1.230"/>
  <testcase classname="api.test.UserTests2" name="testUpdateUser" time="2.973"/>
  <testcase classname="api.test.UserTests2" name="testDeleteUserByName" time="1.217"/>
</testsuite> <!-- api.test.UserTests2 -->
