<?xml version="1.0" encoding="UTF-8"?>
<!-- Generated by org.testng.reporters.JUnitReportReporter -->
<testsuite hostname="BSNODL-27170" failures="0" tests="4" name="api.test.UserTests" time="6.600" errors="0" timestamp="2023-10-03T17:24:08 IST" skipped="0">
  <testcase classname="api.test.UserTests" name="testPostUser" time="1.220"/>
  <testcase classname="api.test.UserTests" name="testGetUserByName" time="1.212"/>
  <testcase classname="api.test.UserTests" name="testUpdateUser" time="2.949"/>
  <testcase classname="api.test.UserTests" name="testDeleteUserByName" time="1.219"/>
</testsuite> <!-- api.test.UserTests -->
