<?xml version="1.0" encoding="UTF-8"?>
<!-- Generated by org.testng.reporters.JUnitReportReporter -->
<testsuite hostname="BSNODL-27170" failures="0" tests="6" name="api.test.DataDrivenTests" time="8.813" errors="0" timestamp="2023-10-03T17:24:08 IST" skipped="0">
  <testcase classname="api.test.DataDrivenTests" name="testPostUser" time="2.769"/>
  <testcase classname="api.test.DataDrivenTests" name="testPostUser" time="1.195"/>
  <testcase classname="api.test.DataDrivenTests" name="testPostUser" time="1.208"/>
  <testcase classname="api.test.DataDrivenTests" name="testDeleteUserByName" time="1.266"/>
  <testcase classname="api.test.DataDrivenTests" name="testDeleteUserByName" time="1.213"/>
  <testcase classname="api.test.DataDrivenTests" name="testDeleteUserByName" time="1.162"/>
</testsuite> <!-- api.test.DataDrivenTests -->
